[01m[K/home/raz/projects/astroscale/ros2_ws/src/robot_controller/src/slider_control.cpp:2:10:[m[K [01;31m[Kfatal error: [m[Kmoveit/move_group_interface/move_group_interface.h: No such file or directory
    2 | #include [01;31m[K<moveit/move_group_interface/move_group_interface.h>[m[K
      |          [01;31m[K^~~~~~~~~~~~~~~~~~~~~~~~~~~~~~~~~~~~~~~~~~~~~~~~~~~~[m[K
compilation terminated.
gmake[2]: *** [CMakeFiles/slider_control.dir/build.make:76: CMakeFiles/slider_control.dir/src/slider_control.cpp.o] Error 1
gmake[1]: *** [CMakeFiles/Makefile2:137: CMakeFiles/slider_control.dir/all] Error 2
gmake: *** [Makefile:146: all] Error 2
